0 info it worked if it ends with ok
1 verbose cli [ 'node', '/usr/local/bin/npm', 'install' ]
2 info using npm@2.5.1
3 info using node@v0.12.0
4 verbose install where, deps [ '/Users/michaelegli/Documents/dev/test',
4 verbose install   [ 'angular-uuid',
4 verbose install     'bower',
4 verbose install     'http-server',
4 verbose install     'jasmine-core',
4 verbose install     'karma',
4 verbose install     'karma-chrome-launcher',
4 verbose install     'karma-firefox-launcher',
4 verbose install     'karma-jasmine',
4 verbose install     'karma-junit-reporter',
4 verbose install     'protractor',
4 verbose install     'shelljs' ] ]
5 verbose install where, peers [ '/Users/michaelegli/Documents/dev/test', [] ]
6 info preinstall angular-seed@0.0.0
7 verbose already installed skipping angular-uuid@0.0.2 /Users/michaelegli/Documents/dev/test
8 verbose already installed skipping bower@^1.3.1 /Users/michaelegli/Documents/dev/test
9 verbose already installed skipping http-server@^0.6.1 /Users/michaelegli/Documents/dev/test
10 verbose already installed skipping jasmine-core@^2.3.4 /Users/michaelegli/Documents/dev/test
11 verbose already installed skipping karma@~0.12 /Users/michaelegli/Documents/dev/test
12 verbose already installed skipping karma-chrome-launcher@^0.1.12 /Users/michaelegli/Documents/dev/test
13 verbose already installed skipping karma-firefox-launcher@^0.1.6 /Users/michaelegli/Documents/dev/test
14 verbose already installed skipping karma-jasmine@^0.3.5 /Users/michaelegli/Documents/dev/test
15 verbose already installed skipping karma-junit-reporter@^0.2.2 /Users/michaelegli/Documents/dev/test
16 verbose already installed skipping protractor@^2.1.0 /Users/michaelegli/Documents/dev/test
17 verbose already installed skipping shelljs@^0.2.6 /Users/michaelegli/Documents/dev/test
18 silly install resolved []
19 info build /Users/michaelegli/Documents/dev/test
20 verbose linkStuff [ false, false, false, '/Users/michaelegli/Documents/dev' ]
21 info linkStuff angular-seed@0.0.0
22 verbose linkBins angular-seed@0.0.0
23 verbose linkMans angular-seed@0.0.0
24 verbose rebuildBundles angular-seed@0.0.0
25 verbose rebuildBundles [ '.bin',
25 verbose rebuildBundles   'angular-uuid',
25 verbose rebuildBundles   'bower',
25 verbose rebuildBundles   'http-server',
25 verbose rebuildBundles   'jasmine-core',
25 verbose rebuildBundles   'karma',
25 verbose rebuildBundles   'karma-chrome-launcher',
25 verbose rebuildBundles   'karma-firefox-launcher',
25 verbose rebuildBundles   'karma-jasmine',
25 verbose rebuildBundles   'karma-junit-reporter',
25 verbose rebuildBundles   'protractor',
25 verbose rebuildBundles   'shelljs' ]
26 info install angular-seed@0.0.0
27 info postinstall angular-seed@0.0.0
28 verbose unsafe-perm in lifecycle true
29 info angular-seed@0.0.0 Failed to exec postinstall script
30 verbose stack Error: angular-seed@0.0.0 postinstall: `bower install`
30 verbose stack Exit status 1
30 verbose stack     at EventEmitter.<anonymous> (/usr/local/lib/node_modules/npm/lib/utils/lifecycle.js:213:16)
30 verbose stack     at EventEmitter.emit (events.js:110:17)
30 verbose stack     at ChildProcess.<anonymous> (/usr/local/lib/node_modules/npm/lib/utils/spawn.js:14:12)
30 verbose stack     at ChildProcess.emit (events.js:110:17)
30 verbose stack     at maybeClose (child_process.js:1008:16)
30 verbose stack     at Process.ChildProcess._handle.onexit (child_process.js:1080:5)
31 verbose pkgid angular-seed@0.0.0
32 verbose cwd /Users/michaelegli/Documents/dev/test
33 error Darwin 15.0.0
34 error argv "node" "/usr/local/bin/npm" "install"
35 error node v0.12.0
36 error npm  v2.5.1
37 error code ELIFECYCLE
38 error angular-seed@0.0.0 postinstall: `bower install`
38 error Exit status 1
39 error Failed at the angular-seed@0.0.0 postinstall script 'bower install'.
39 error This is most likely a problem with the angular-seed package,
39 error not with npm itself.
39 error Tell the author that this fails on your system:
39 error     bower install
39 error You can get their info via:
39 error     npm owner ls angular-seed
39 error There is likely additional logging output above.
40 verbose exit [ 1, true ]
